25-11-2023 23:10:10	19048	General	Information	ParametrosController->SaveTicket->Controller SaveTicket => Inicio ejecución.
25-11-2023 23:10:10	19048	General	Information	BaseApiController->ErrorGeneral->Modelo no valido => Modelo no valido. Fin ejecución.
25-11-2023 23:10:10	19048	General	Information	ParametrosController->SaveTicket-> => Retorno datos. Fin ejecución.
25-11-2023 23:14:22	19048	General	Information	ParametrosController->GetAllTickets->Controller GetAllTickets => Inicio ejecución.
25-11-2023 23:14:22	19048	General	Information	ParametrosController->GetAllCategoriasTickets->Controller GetAllCategoriasTickets => Inicio ejecución.
25-11-2023 23:14:22	19048	General	Information	ParametrosApplication->ObtenerListadoTickets->App ObtenerListadoTickets => Inicio ejecución.
25-11-2023 23:14:22	19048	General	Information	ParametrosApplication->ObtenerListadoCategoriasTickets->App ObtenerListadoCategoriasTickets => Inicio ejecución.
25-11-2023 23:14:22	19048	General	Information	ParametrosServices->GetAllCategoriasTickets-> => Inicio ejecución.->ORA
25-11-2023 23:14:22	19048	General	Information	ParametrosServices->GetAllTickets-> => Inicio ejecución.->ORA
25-11-2023 23:14:22	19048	General	Information	ParametrosRepository->GetCategoriasTickets->Repositories GetCategoriasTickets => Inicio ejecución.
25-11-2023 23:14:22	19048	General	Information	ParametrosRepository->GetTickets->Repositories GetTickets => Inicio ejecución.
25-11-2023 23:14:24	19048	General	Information	ParametrosRepository->GetCategoriasTickets-> => Retorno datos. Fin ejecución.
25-11-2023 23:14:24	19048	General	Information	ParametrosServices->GetAllCategoriasTickets-> => Retorno datos. Fin ejecución.->ORA
25-11-2023 23:14:24	19048	General	Information	ParametrosRepository->GetTickets-> => Retorno datos. Fin ejecución.
25-11-2023 23:14:24	19048	General	Information	ParametrosServices->GetAllTickets-> => Retorno datos. Fin ejecución.->ORA
25-11-2023 23:14:24	19048	General	Information	ParametrosApplication->ObtenerListadoTickets-> => Retorno datos. Fin ejecución.
25-11-2023 23:14:24	19048	General	Information	ParametrosApplication->ObtenerListadoCategoriasTickets-> => Retorno datos. Fin ejecución.
25-11-2023 23:14:24	19048	General	Information	ParametrosController->GetAllTickets-> => Retorno datos. Fin ejecución.
25-11-2023 23:14:24	19048	General	Information	ParametrosController->GetAllCategoriasTickets-> => Retorno datos. Fin ejecución.
25-11-2023 23:14:24	19048	General	Information	ParametrosController->GetAllEstadosTickets->Controller GetAllEstadosTickets => Inicio ejecución.
25-11-2023 23:14:24	19048	General	Information	ParametrosApplication->ObtenerListadoEstadosTickets->App ObtenerListadoEstadosTickets => Inicio ejecución.
25-11-2023 23:14:24	19048	General	Information	ParametrosServices->GetAllEstadosTickets-> => Inicio ejecución.->ORA
25-11-2023 23:14:24	19048	General	Information	ParametrosRepository->GetEstadosTickets->Repositories GetEstadosTickets => Inicio ejecución.
25-11-2023 23:14:24	19048	General	Information	ParametrosController->GetAllCategoriasTickets->Controller GetAllCategoriasTickets => Inicio ejecución.
25-11-2023 23:14:24	19048	General	Information	ParametrosApplication->ObtenerListadoCategoriasTickets->App ObtenerListadoCategoriasTickets => Inicio ejecución.
25-11-2023 23:14:24	19048	General	Information	ParametrosServices->GetAllCategoriasTickets-> => Inicio ejecución.->ORA
25-11-2023 23:14:24	19048	General	Information	ParametrosRepository->GetCategoriasTickets->Repositories GetCategoriasTickets => Inicio ejecución.
25-11-2023 23:14:24	19048	General	Information	ParametrosRepository->GetCategoriasTickets-> => Retorno datos. Fin ejecución.
25-11-2023 23:14:24	19048	General	Information	ParametrosServices->GetAllCategoriasTickets-> => Retorno datos. Fin ejecución.->ORA
25-11-2023 23:14:24	19048	General	Information	ParametrosApplication->ObtenerListadoCategoriasTickets-> => Retorno datos. Fin ejecución.
25-11-2023 23:14:24	19048	General	Information	ParametrosController->GetAllCategoriasTickets-> => Retorno datos. Fin ejecución.
25-11-2023 23:14:24	19048	General	Information	ParametrosRepository->GetEstadosTickets-> => Retorno datos. Fin ejecución.
25-11-2023 23:14:24	19048	General	Information	ParametrosServices->GetAllEstadosTickets-> => Retorno datos. Fin ejecución.->ORA
25-11-2023 23:14:24	19048	General	Information	ParametrosApplication->ObtenerListadoEstadosTickets-> => Retorno datos. Fin ejecución.
25-11-2023 23:14:24	19048	General	Information	ParametrosController->GetAllEstadosTickets-> => Retorno datos. Fin ejecución.
25-11-2023 23:14:24	19048	General	Information	UsuariosController->GetAllUsuarios->Controller GetAllUsuarios => Inicio ejecución.
25-11-2023 23:14:24	19048	General	Information	UsuariosApplication->ObtenerUsuarios->App ObtenerUsuarios => Inicio ejecución.
25-11-2023 23:14:24	19048	General	Information	UsuariosServices->GetUsuarios-> => Inicio ejecución.->ORA
25-11-2023 23:14:24	19048	General	Information	UsuariosRepository->GetUsuarios->Repositories GetUsuarios => Inicio ejecución.
25-11-2023 23:14:24	19048	General	Information	ParametrosController->GetAllEstadosTickets->Controller GetAllEstadosTickets => Inicio ejecución.
25-11-2023 23:14:24	19048	General	Information	ParametrosApplication->ObtenerListadoEstadosTickets->App ObtenerListadoEstadosTickets => Inicio ejecución.
25-11-2023 23:14:24	19048	General	Information	ParametrosServices->GetAllEstadosTickets-> => Inicio ejecución.->ORA
25-11-2023 23:14:24	19048	General	Information	ParametrosRepository->GetEstadosTickets->Repositories GetEstadosTickets => Inicio ejecución.
25-11-2023 23:14:24	19048	General	Information	ParametrosRepository->GetEstadosTickets-> => Retorno datos. Fin ejecución.
25-11-2023 23:14:24	19048	General	Information	ParametrosServices->GetAllEstadosTickets-> => Retorno datos. Fin ejecución.->ORA
25-11-2023 23:14:24	19048	General	Information	ParametrosApplication->ObtenerListadoEstadosTickets-> => Retorno datos. Fin ejecución.
25-11-2023 23:14:24	19048	General	Information	ParametrosController->GetAllEstadosTickets-> => Retorno datos. Fin ejecución.
25-11-2023 23:14:24	19048	General	Information	UsuariosRepository->GetUsuarios-> => Retorno datos. Fin ejecución.
25-11-2023 23:14:24	19048	General	Information	UsuariosServices->GetUsuarios-> => Retorno datos. Fin ejecución.->ORA
25-11-2023 23:14:24	19048	General	Information	UsuariosApplication->ObtenerUsuarios-> => Retorno datos. Fin ejecución.
25-11-2023 23:14:24	19048	General	Information	UsuariosController->GetAllUsuarios-> => Retorno datos. Fin ejecución.
25-11-2023 23:14:41	19048	General	Information	ParametrosController->SaveTicket->Controller SaveTicket => Inicio ejecución.
25-11-2023 23:14:41	19048	General	Information	BaseApiController->ErrorGeneral->Modelo no valido => Modelo no valido. Fin ejecución.
25-11-2023 23:14:41	19048	General	Information	ParametrosController->SaveTicket-> => Retorno datos. Fin ejecución.
25-11-2023 23:17:25	19048	General	Information	ParametrosController->SaveTicket->Controller SaveTicket => Inicio ejecución.
25-11-2023 23:17:25	19048	General	Information	BaseApiController->ErrorGeneral->Modelo no valido => Modelo no valido. Fin ejecución.
25-11-2023 23:17:25	19048	General	Information	ParametrosController->SaveTicket-> => Retorno datos. Fin ejecución.
25-11-2023 23:17:57	19048	General	Information	ParametrosController->GetAllTickets->Controller GetAllTickets => Inicio ejecución.
25-11-2023 23:17:57	19048	General	Information	ParametrosApplication->ObtenerListadoTickets->App ObtenerListadoTickets => Inicio ejecución.
25-11-2023 23:17:57	19048	General	Information	ParametrosServices->GetAllTickets-> => Inicio ejecución.->ORA
25-11-2023 23:17:57	19048	General	Information	ParametrosRepository->GetTickets->Repositories GetTickets => Inicio ejecución.
25-11-2023 23:17:57	19048	General	Information	ParametrosController->GetAllCategoriasTickets->Controller GetAllCategoriasTickets => Inicio ejecución.
25-11-2023 23:17:57	19048	General	Information	ParametrosApplication->ObtenerListadoCategoriasTickets->App ObtenerListadoCategoriasTickets => Inicio ejecución.
25-11-2023 23:17:57	19048	General	Information	ParametrosServices->GetAllCategoriasTickets-> => Inicio ejecución.->ORA
25-11-2023 23:17:57	19048	General	Information	ParametrosRepository->GetCategoriasTickets->Repositories GetCategoriasTickets => Inicio ejecución.
25-11-2023 23:17:57	19048	General	Information	ParametrosRepository->GetTickets-> => Retorno datos. Fin ejecución.
25-11-2023 23:17:57	19048	General	Information	ParametrosServices->GetAllTickets-> => Retorno datos. Fin ejecución.->ORA
25-11-2023 23:17:57	19048	General	Information	ParametrosApplication->ObtenerListadoTickets-> => Retorno datos. Fin ejecución.
25-11-2023 23:17:57	19048	General	Information	ParametrosController->GetAllTickets-> => Retorno datos. Fin ejecución.
25-11-2023 23:17:57	19048	General	Information	ParametrosRepository->GetCategoriasTickets-> => Retorno datos. Fin ejecución.
25-11-2023 23:17:57	19048	General	Information	ParametrosServices->GetAllCategoriasTickets-> => Retorno datos. Fin ejecución.->ORA
25-11-2023 23:17:57	19048	General	Information	ParametrosApplication->ObtenerListadoCategoriasTickets-> => Retorno datos. Fin ejecución.
25-11-2023 23:17:57	19048	General	Information	ParametrosController->GetAllCategoriasTickets-> => Retorno datos. Fin ejecución.
25-11-2023 23:17:57	19048	General	Information	ParametrosController->GetAllEstadosTickets->Controller GetAllEstadosTickets => Inicio ejecución.
25-11-2023 23:17:57	19048	General	Information	ParametrosApplication->ObtenerListadoEstadosTickets->App ObtenerListadoEstadosTickets => Inicio ejecución.
25-11-2023 23:17:57	19048	General	Information	ParametrosServices->GetAllEstadosTickets-> => Inicio ejecución.->ORA
25-11-2023 23:17:57	19048	General	Information	ParametrosRepository->GetEstadosTickets->Repositories GetEstadosTickets => Inicio ejecución.
25-11-2023 23:17:57	19048	General	Information	ParametrosRepository->GetEstadosTickets-> => Retorno datos. Fin ejecución.
25-11-2023 23:17:57	19048	General	Information	ParametrosServices->GetAllEstadosTickets-> => Retorno datos. Fin ejecución.->ORA
25-11-2023 23:17:57	19048	General	Information	ParametrosApplication->ObtenerListadoEstadosTickets-> => Retorno datos. Fin ejecución.
25-11-2023 23:17:57	19048	General	Information	ParametrosController->GetAllEstadosTickets-> => Retorno datos. Fin ejecución.
25-11-2023 23:17:57	19048	General	Information	ParametrosController->GetAllEstadosTickets->Controller GetAllEstadosTickets => Inicio ejecución.
25-11-2023 23:17:57	19048	General	Information	ParametrosApplication->ObtenerListadoEstadosTickets->App ObtenerListadoEstadosTickets => Inicio ejecución.
25-11-2023 23:17:57	19048	General	Information	ParametrosServices->GetAllEstadosTickets-> => Inicio ejecución.->ORA
25-11-2023 23:17:57	19048	General	Information	ParametrosRepository->GetEstadosTickets->Repositories GetEstadosTickets => Inicio ejecución.
25-11-2023 23:17:57	19048	General	Information	ParametrosController->GetAllCategoriasTickets->Controller GetAllCategoriasTickets => Inicio ejecución.
25-11-2023 23:17:57	19048	General	Information	ParametrosApplication->ObtenerListadoCategoriasTickets->App ObtenerListadoCategoriasTickets => Inicio ejecución.
25-11-2023 23:17:57	19048	General	Information	ParametrosServices->GetAllCategoriasTickets-> => Inicio ejecución.->ORA
25-11-2023 23:17:57	19048	General	Information	ParametrosRepository->GetEstadosTickets-> => Retorno datos. Fin ejecución.
25-11-2023 23:17:57	19048	General	Information	ParametrosRepository->GetCategoriasTickets->Repositories GetCategoriasTickets => Inicio ejecución.
25-11-2023 23:17:57	19048	General	Information	ParametrosServices->GetAllEstadosTickets-> => Retorno datos. Fin ejecución.->ORA
25-11-2023 23:17:57	19048	General	Information	ParametrosApplication->ObtenerListadoEstadosTickets-> => Retorno datos. Fin ejecución.
25-11-2023 23:17:57	19048	General	Information	ParametrosController->GetAllEstadosTickets-> => Retorno datos. Fin ejecución.
25-11-2023 23:17:57	19048	General	Information	UsuariosController->GetAllUsuarios->Controller GetAllUsuarios => Inicio ejecución.
25-11-2023 23:17:57	19048	General	Information	UsuariosApplication->ObtenerUsuarios->App ObtenerUsuarios => Inicio ejecución.
25-11-2023 23:17:57	19048	General	Information	UsuariosServices->GetUsuarios-> => Inicio ejecución.->ORA
25-11-2023 23:17:57	19048	General	Information	UsuariosRepository->GetUsuarios->Repositories GetUsuarios => Inicio ejecución.
25-11-2023 23:17:57	19048	General	Information	ParametrosRepository->GetCategoriasTickets-> => Retorno datos. Fin ejecución.
25-11-2023 23:17:57	19048	General	Information	ParametrosServices->GetAllCategoriasTickets-> => Retorno datos. Fin ejecución.->ORA
25-11-2023 23:17:57	19048	General	Information	ParametrosApplication->ObtenerListadoCategoriasTickets-> => Retorno datos. Fin ejecución.
25-11-2023 23:17:57	19048	General	Information	ParametrosController->GetAllCategoriasTickets-> => Retorno datos. Fin ejecución.
25-11-2023 23:17:57	19048	General	Information	UsuariosRepository->GetUsuarios-> => Retorno datos. Fin ejecución.
25-11-2023 23:17:57	19048	General	Information	UsuariosServices->GetUsuarios-> => Retorno datos. Fin ejecución.->ORA
25-11-2023 23:17:57	19048	General	Information	UsuariosApplication->ObtenerUsuarios-> => Retorno datos. Fin ejecución.
25-11-2023 23:17:57	19048	General	Information	UsuariosController->GetAllUsuarios-> => Retorno datos. Fin ejecución.
25-11-2023 23:18:17	19048	General	Information	ParametrosController->GetAllCategoriasTickets->Controller GetAllCategoriasTickets => Inicio ejecución.
25-11-2023 23:18:17	19048	General	Information	ParametrosApplication->ObtenerListadoCategoriasTickets->App ObtenerListadoCategoriasTickets => Inicio ejecución.
25-11-2023 23:18:17	19048	General	Information	ParametrosController->GetAllEstadosTickets->Controller GetAllEstadosTickets => Inicio ejecución.
25-11-2023 23:18:17	19048	General	Information	ParametrosServices->GetAllCategoriasTickets-> => Inicio ejecución.->ORA
25-11-2023 23:18:17	19048	General	Information	ParametrosApplication->ObtenerListadoEstadosTickets->App ObtenerListadoEstadosTickets => Inicio ejecución.
25-11-2023 23:18:17	19048	General	Information	ParametrosRepository->GetCategoriasTickets->Repositories GetCategoriasTickets => Inicio ejecución.
25-11-2023 23:18:17	19048	General	Information	ParametrosServices->GetAllEstadosTickets-> => Inicio ejecución.->ORA
25-11-2023 23:18:17	19048	General	Information	ParametrosRepository->GetEstadosTickets->Repositories GetEstadosTickets => Inicio ejecución.
25-11-2023 23:18:17	19048	General	Information	UsuariosController->GetAllUsuarios->Controller GetAllUsuarios => Inicio ejecución.
25-11-2023 23:18:17	19048	General	Information	UsuariosApplication->ObtenerUsuarios->App ObtenerUsuarios => Inicio ejecución.
25-11-2023 23:18:17	19048	General	Information	UsuariosServices->GetUsuarios-> => Inicio ejecución.->ORA
25-11-2023 23:18:17	19048	General	Information	UsuariosRepository->GetUsuarios->Repositories GetUsuarios => Inicio ejecución.
25-11-2023 23:18:17	19048	General	Information	ParametrosRepository->GetCategoriasTickets-> => Retorno datos. Fin ejecución.
25-11-2023 23:18:17	19048	General	Information	ParametrosServices->GetAllCategoriasTickets-> => Retorno datos. Fin ejecución.->ORA
25-11-2023 23:18:17	19048	General	Information	ParametrosApplication->ObtenerListadoCategoriasTickets-> => Retorno datos. Fin ejecución.
25-11-2023 23:18:17	19048	General	Information	ParametrosController->GetAllCategoriasTickets-> => Retorno datos. Fin ejecución.
25-11-2023 23:18:17	19048	General	Information	ParametrosRepository->GetEstadosTickets-> => Retorno datos. Fin ejecución.
25-11-2023 23:18:17	19048	General	Information	ParametrosServices->GetAllEstadosTickets-> => Retorno datos. Fin ejecución.->ORA
25-11-2023 23:18:17	19048	General	Information	ParametrosApplication->ObtenerListadoEstadosTickets-> => Retorno datos. Fin ejecución.
25-11-2023 23:18:17	19048	General	Information	ParametrosController->GetAllEstadosTickets-> => Retorno datos. Fin ejecución.
25-11-2023 23:18:17	19048	General	Information	UsuariosRepository->GetUsuarios-> => Retorno datos. Fin ejecución.
25-11-2023 23:18:17	19048	General	Information	UsuariosServices->GetUsuarios-> => Retorno datos. Fin ejecución.->ORA
25-11-2023 23:18:17	19048	General	Information	UsuariosApplication->ObtenerUsuarios-> => Retorno datos. Fin ejecución.
25-11-2023 23:18:17	19048	General	Information	UsuariosController->GetAllUsuarios-> => Retorno datos. Fin ejecución.
25-11-2023 23:18:34	19048	General	Information	ParametrosController->GetAllTickets->Controller GetAllTickets => Inicio ejecución.
25-11-2023 23:18:34	19048	General	Information	ParametrosApplication->ObtenerListadoTickets->App ObtenerListadoTickets => Inicio ejecución.
25-11-2023 23:18:34	19048	General	Information	ParametrosServices->GetAllTickets-> => Inicio ejecución.->ORA
25-11-2023 23:18:34	19048	General	Information	ParametrosRepository->GetTickets->Repositories GetTickets => Inicio ejecución.
25-11-2023 23:18:34	19048	General	Information	ParametrosRepository->GetTickets-> => Retorno datos. Fin ejecución.
25-11-2023 23:18:34	19048	General	Information	ParametrosController->GetAllCategoriasTickets->Controller GetAllCategoriasTickets => Inicio ejecución.
25-11-2023 23:18:34	19048	General	Information	ParametrosServices->GetAllTickets-> => Retorno datos. Fin ejecución.->ORA
25-11-2023 23:18:34	19048	General	Information	ParametrosApplication->ObtenerListadoCategoriasTickets->App ObtenerListadoCategoriasTickets => Inicio ejecución.
25-11-2023 23:18:34	19048	General	Information	ParametrosServices->GetAllCategoriasTickets-> => Inicio ejecución.->ORA
25-11-2023 23:18:34	19048	General	Information	ParametrosApplication->ObtenerListadoTickets-> => Retorno datos. Fin ejecución.
25-11-2023 23:18:34	19048	General	Information	ParametrosRepository->GetCategoriasTickets->Repositories GetCategoriasTickets => Inicio ejecución.
25-11-2023 23:18:34	19048	General	Information	ParametrosController->GetAllTickets-> => Retorno datos. Fin ejecución.
25-11-2023 23:18:34	19048	General	Information	ParametrosRepository->GetCategoriasTickets-> => Retorno datos. Fin ejecución.
25-11-2023 23:18:34	19048	General	Information	ParametrosServices->GetAllCategoriasTickets-> => Retorno datos. Fin ejecución.->ORA
25-11-2023 23:18:34	19048	General	Information	ParametrosApplication->ObtenerListadoCategoriasTickets-> => Retorno datos. Fin ejecución.
25-11-2023 23:18:34	19048	General	Information	ParametrosController->GetAllCategoriasTickets-> => Retorno datos. Fin ejecución.
25-11-2023 23:18:35	19048	General	Information	ParametrosController->GetAllCategoriasTickets->Controller GetAllCategoriasTickets => Inicio ejecución.
25-11-2023 23:18:35	19048	General	Information	ParametrosController->GetAllEstadosTickets->Controller GetAllEstadosTickets => Inicio ejecución.
25-11-2023 23:18:35	19048	General	Information	ParametrosApplication->ObtenerListadoCategoriasTickets->App ObtenerListadoCategoriasTickets => Inicio ejecución.
25-11-2023 23:18:35	19048	General	Information	ParametrosApplication->ObtenerListadoEstadosTickets->App ObtenerListadoEstadosTickets => Inicio ejecución.
25-11-2023 23:18:35	19048	General	Information	ParametrosServices->GetAllCategoriasTickets-> => Inicio ejecución.->ORA
25-11-2023 23:18:35	19048	General	Information	ParametrosServices->GetAllEstadosTickets-> => Inicio ejecución.->ORA
25-11-2023 23:18:35	19048	General	Information	ParametrosRepository->GetCategoriasTickets->Repositories GetCategoriasTickets => Inicio ejecución.
25-11-2023 23:18:35	19048	General	Information	ParametrosRepository->GetEstadosTickets->Repositories GetEstadosTickets => Inicio ejecución.
25-11-2023 23:18:35	19048	General	Information	UsuariosController->GetAllUsuarios->Controller GetAllUsuarios => Inicio ejecución.
25-11-2023 23:18:35	19048	General	Information	UsuariosApplication->ObtenerUsuarios->App ObtenerUsuarios => Inicio ejecución.
25-11-2023 23:18:35	19048	General	Information	UsuariosServices->GetUsuarios-> => Inicio ejecución.->ORA
25-11-2023 23:18:35	19048	General	Information	UsuariosRepository->GetUsuarios->Repositories GetUsuarios => Inicio ejecución.
25-11-2023 23:18:35	19048	General	Information	ParametrosRepository->GetCategoriasTickets-> => Retorno datos. Fin ejecución.
25-11-2023 23:18:35	19048	General	Information	ParametrosServices->GetAllCategoriasTickets-> => Retorno datos. Fin ejecución.->ORA
25-11-2023 23:18:35	19048	General	Information	ParametrosApplication->ObtenerListadoCategoriasTickets-> => Retorno datos. Fin ejecución.
25-11-2023 23:18:35	19048	General	Information	ParametrosController->GetAllCategoriasTickets-> => Retorno datos. Fin ejecución.
25-11-2023 23:18:35	19048	General	Information	ParametrosRepository->GetEstadosTickets-> => Retorno datos. Fin ejecución.
25-11-2023 23:18:35	19048	General	Information	ParametrosServices->GetAllEstadosTickets-> => Retorno datos. Fin ejecución.->ORA
25-11-2023 23:18:35	19048	General	Information	ParametrosApplication->ObtenerListadoEstadosTickets-> => Retorno datos. Fin ejecución.
25-11-2023 23:18:35	19048	General	Information	ParametrosController->GetAllEstadosTickets-> => Retorno datos. Fin ejecución.
25-11-2023 23:18:35	19048	General	Information	ParametrosController->GetAllEstadosTickets->Controller GetAllEstadosTickets => Inicio ejecución.
25-11-2023 23:18:35	19048	General	Information	ParametrosApplication->ObtenerListadoEstadosTickets->App ObtenerListadoEstadosTickets => Inicio ejecución.
25-11-2023 23:18:35	19048	General	Information	UsuariosRepository->GetUsuarios-> => Retorno datos. Fin ejecución.
25-11-2023 23:18:35	19048	General	Information	ParametrosServices->GetAllEstadosTickets-> => Inicio ejecución.->ORA
25-11-2023 23:18:35	19048	General	Information	UsuariosServices->GetUsuarios-> => Retorno datos. Fin ejecución.->ORA
25-11-2023 23:18:35	19048	General	Information	ParametrosRepository->GetEstadosTickets->Repositories GetEstadosTickets => Inicio ejecución.
25-11-2023 23:18:35	19048	General	Information	UsuariosApplication->ObtenerUsuarios-> => Retorno datos. Fin ejecución.
25-11-2023 23:18:35	19048	General	Information	UsuariosController->GetAllUsuarios-> => Retorno datos. Fin ejecución.
25-11-2023 23:18:35	19048	General	Information	ParametrosRepository->GetEstadosTickets-> => Retorno datos. Fin ejecución.
25-11-2023 23:18:35	19048	General	Information	ParametrosServices->GetAllEstadosTickets-> => Retorno datos. Fin ejecución.->ORA
25-11-2023 23:18:35	19048	General	Information	ParametrosApplication->ObtenerListadoEstadosTickets-> => Retorno datos. Fin ejecución.
25-11-2023 23:18:35	19048	General	Information	ParametrosController->GetAllEstadosTickets-> => Retorno datos. Fin ejecución.
25-11-2023 23:18:54	19048	General	Information	ParametrosController->SaveTicket->Controller SaveTicket => Inicio ejecución.
25-11-2023 23:18:54	19048	General	Information	BaseApiController->ErrorGeneral->Modelo no valido => Modelo no valido. Fin ejecución.
25-11-2023 23:18:54	19048	General	Information	ParametrosController->SaveTicket-> => Retorno datos. Fin ejecución.
25-11-2023 23:21:20	19048	General	Information	ParametrosController->GetAllTickets->Controller GetAllTickets => Inicio ejecución.
25-11-2023 23:21:20	19048	General	Information	ParametrosApplication->ObtenerListadoTickets->App ObtenerListadoTickets => Inicio ejecución.
25-11-2023 23:21:20	19048	General	Information	ParametrosServices->GetAllTickets-> => Inicio ejecución.->ORA
25-11-2023 23:21:20	19048	General	Information	ParametrosRepository->GetTickets->Repositories GetTickets => Inicio ejecución.
25-11-2023 23:21:20	19048	General	Information	ParametrosController->GetAllCategoriasTickets->Controller GetAllCategoriasTickets => Inicio ejecución.
25-11-2023 23:21:20	19048	General	Information	ParametrosApplication->ObtenerListadoCategoriasTickets->App ObtenerListadoCategoriasTickets => Inicio ejecución.
25-11-2023 23:21:20	19048	General	Information	ParametrosServices->GetAllCategoriasTickets-> => Inicio ejecución.->ORA
25-11-2023 23:21:20	19048	General	Information	ParametrosRepository->GetCategoriasTickets->Repositories GetCategoriasTickets => Inicio ejecución.
25-11-2023 23:21:20	19048	General	Information	ParametrosRepository->GetTickets-> => Retorno datos. Fin ejecución.
25-11-2023 23:21:20	19048	General	Information	ParametrosServices->GetAllTickets-> => Retorno datos. Fin ejecución.->ORA
25-11-2023 23:21:20	19048	General	Information	ParametrosApplication->ObtenerListadoTickets-> => Retorno datos. Fin ejecución.
25-11-2023 23:21:20	19048	General	Information	ParametrosController->GetAllTickets-> => Retorno datos. Fin ejecución.
25-11-2023 23:21:20	19048	General	Information	ParametrosRepository->GetCategoriasTickets-> => Retorno datos. Fin ejecución.
25-11-2023 23:21:20	19048	General	Information	ParametrosServices->GetAllCategoriasTickets-> => Retorno datos. Fin ejecución.->ORA
25-11-2023 23:21:20	19048	General	Information	ParametrosApplication->ObtenerListadoCategoriasTickets-> => Retorno datos. Fin ejecución.
25-11-2023 23:21:20	19048	General	Information	ParametrosController->GetAllCategoriasTickets-> => Retorno datos. Fin ejecución.
25-11-2023 23:21:20	19048	General	Information	ParametrosController->GetAllEstadosTickets->Controller GetAllEstadosTickets => Inicio ejecución.
25-11-2023 23:21:20	19048	General	Information	ParametrosApplication->ObtenerListadoEstadosTickets->App ObtenerListadoEstadosTickets => Inicio ejecución.
25-11-2023 23:21:20	19048	General	Information	ParametrosServices->GetAllEstadosTickets-> => Inicio ejecución.->ORA
25-11-2023 23:21:20	19048	General	Information	ParametrosRepository->GetEstadosTickets->Repositories GetEstadosTickets => Inicio ejecución.
25-11-2023 23:21:20	19048	General	Information	ParametrosRepository->GetEstadosTickets-> => Retorno datos. Fin ejecución.
25-11-2023 23:21:20	19048	General	Information	ParametrosServices->GetAllEstadosTickets-> => Retorno datos. Fin ejecución.->ORA
25-11-2023 23:21:20	19048	General	Information	ParametrosApplication->ObtenerListadoEstadosTickets-> => Retorno datos. Fin ejecución.
25-11-2023 23:21:20	19048	General	Information	ParametrosController->GetAllEstadosTickets-> => Retorno datos. Fin ejecución.
25-11-2023 23:21:20	19048	General	Information	ParametrosController->GetAllCategoriasTickets->Controller GetAllCategoriasTickets => Inicio ejecución.
25-11-2023 23:21:20	19048	General	Information	UsuariosController->GetAllUsuarios->Controller GetAllUsuarios => Inicio ejecución.
25-11-2023 23:21:20	19048	General	Information	ParametrosApplication->ObtenerListadoCategoriasTickets->App ObtenerListadoCategoriasTickets => Inicio ejecución.
25-11-2023 23:21:20	19048	General	Information	UsuariosApplication->ObtenerUsuarios->App ObtenerUsuarios => Inicio ejecución.
25-11-2023 23:21:20	19048	General	Information	ParametrosServices->GetAllCategoriasTickets-> => Inicio ejecución.->ORA
25-11-2023 23:21:20	19048	General	Information	UsuariosServices->GetUsuarios-> => Inicio ejecución.->ORA
25-11-2023 23:21:20	19048	General	Information	ParametrosRepository->GetCategoriasTickets->Repositories GetCategoriasTickets => Inicio ejecución.
25-11-2023 23:21:20	19048	General	Information	UsuariosRepository->GetUsuarios->Repositories GetUsuarios => Inicio ejecución.
25-11-2023 23:21:20	19048	General	Information	ParametrosRepository->GetCategoriasTickets-> => Retorno datos. Fin ejecución.
25-11-2023 23:21:20	19048	General	Information	ParametrosServices->GetAllCategoriasTickets-> => Retorno datos. Fin ejecución.->ORA
25-11-2023 23:21:20	19048	General	Information	ParametrosApplication->ObtenerListadoCategoriasTickets-> => Retorno datos. Fin ejecución.
25-11-2023 23:21:20	19048	General	Information	ParametrosController->GetAllCategoriasTickets-> => Retorno datos. Fin ejecución.
25-11-2023 23:21:20	19048	General	Information	ParametrosController->GetAllEstadosTickets->Controller GetAllEstadosTickets => Inicio ejecución.
25-11-2023 23:21:20	19048	General	Information	UsuariosRepository->GetUsuarios-> => Retorno datos. Fin ejecución.
25-11-2023 23:21:20	19048	General	Information	ParametrosApplication->ObtenerListadoEstadosTickets->App ObtenerListadoEstadosTickets => Inicio ejecución.
25-11-2023 23:21:20	19048	General	Information	UsuariosServices->GetUsuarios-> => Retorno datos. Fin ejecución.->ORA
25-11-2023 23:21:20	19048	General	Information	UsuariosApplication->ObtenerUsuarios-> => Retorno datos. Fin ejecución.
25-11-2023 23:21:20	19048	General	Information	ParametrosServices->GetAllEstadosTickets-> => Inicio ejecución.->ORA
25-11-2023 23:21:20	19048	General	Information	ParametrosRepository->GetEstadosTickets->Repositories GetEstadosTickets => Inicio ejecución.
25-11-2023 23:21:20	19048	General	Information	UsuariosController->GetAllUsuarios-> => Retorno datos. Fin ejecución.
25-11-2023 23:21:20	19048	General	Information	ParametrosRepository->GetEstadosTickets-> => Retorno datos. Fin ejecución.
25-11-2023 23:21:20	19048	General	Information	ParametrosServices->GetAllEstadosTickets-> => Retorno datos. Fin ejecución.->ORA
25-11-2023 23:21:20	19048	General	Information	ParametrosApplication->ObtenerListadoEstadosTickets-> => Retorno datos. Fin ejecución.
25-11-2023 23:21:20	19048	General	Information	ParametrosController->GetAllEstadosTickets-> => Retorno datos. Fin ejecución.
25-11-2023 23:21:42	19048	General	Information	ParametrosController->SaveTicket->Controller SaveTicket => Inicio ejecución.
25-11-2023 23:21:42	19048	General	Information	ParametrosApplication->CrearTicket->App CrearTicket => Inicio ejecución.
25-11-2023 23:21:42	19048	General	Information	ParametrosServices->Add-> => Inicio ejecución.
25-11-2023 23:21:42	19048	General	Information	ParametrosRepository->Add-> Repositories Add Ticket => Inicio ejecución.
25-11-2023 23:21:43	19048	General	Information	ParametrosRepository->Add-> => Retorno datos. Fin ejecución.
25-11-2023 23:21:43	19048	General	Information	ParametrosServices->Add-> => Retorno datos. Fin ejecución.
25-11-2023 23:21:43	19048	Error en App CrearTicket 	Error	No se admite el formato proporcionado de la ruta de acceso.

   en System.Security.Permissions.FileIOPermission.EmulateFileIOPermissionChecks(String fullPath)
   en System.IO.FileStream.Init(String path, FileMode mode, FileAccess access, Int32 rights, Boolean useRights, FileShare share, Int32 bufferSize, FileOptions options, SECURITY_ATTRIBUTES secAttrs, String msgPath, Boolean bFromProxy, Boolean useLongPath, Boolean checkHost)
   en System.IO.FileStream..ctor(String path, FileMode mode, FileAccess access, FileShare share, Int32 bufferSize, FileOptions options, String msgPath, Boolean bFromProxy, Boolean useLongPath, Boolean checkHost)
   en System.IO.File.InternalWriteAllBytes(String path, Byte[] bytes, Boolean checkHost)
   en ItecGroup.Applications.Implementation.ParametrosApplication.CrearTicket(WriteTicketDto ticket) en F:\Duoc\Portafolio Ing\Proyecto\APIS\ApiGestorItec\ItecGroup.Applications\Implementation\Parametros\ParametrosApplication.cs:línea 490


25-11-2023 23:21:43	19048	General	Information	ParametrosApplication->CrearTicket-> => Retorno datos. Fin ejecución.
25-11-2023 23:21:43	19048	General	Information	ParametrosController->SaveTicket->Controller SaveTicket Data NUll => Inicio ejecución.
25-11-2023 23:21:43	19048	General	Information	BaseApiController->SinInfomacion->SaveTicket => Sin información desde el origen de datos.
25-11-2023 23:21:43	19048	General	Information	ParametrosController->SaveTicket-> => Retorno datos. Fin ejecución.
